Fri Aug 21 18:28:14 CST 2015  [debug] AvalonLogSystem initialized using logfile 'D:\Android\workspace_teach\myeclipse\.metadata\.plugins\com.genuitec.eclipse.templates\velocity.log'
Fri Aug 21 18:28:14 CST 2015   [info] ************************************************************** 
Fri Aug 21 18:28:14 CST 2015   [info] Starting Jakarta Velocity v1.4
Fri Aug 21 18:28:14 CST 2015   [info] RuntimeInstance initializing.
Fri Aug 21 18:28:14 CST 2015   [info] Default Properties File: org\apache\velocity\runtime\defaults\velocity.properties
Fri Aug 21 18:28:14 CST 2015   [info] Trying to use logger class org.apache.velocity.runtime.log.AvalonLogSystem
Fri Aug 21 18:28:14 CST 2015   [info] Using logger class org.apache.velocity.runtime.log.AvalonLogSystem
Fri Aug 21 18:28:14 CST 2015   [info] Default ResourceManager initializing. (class org.apache.velocity.runtime.resource.ResourceManagerImpl)
Fri Aug 21 18:28:14 CST 2015   [info] Resource Loader Instantiated: com.genuitec.eclipse.templates.internal.PluginResourceLoader
Fri Aug 21 18:28:14 CST 2015   [info] ResourceCache : initialized. (class org.apache.velocity.runtime.resource.ResourceCacheImpl)
Fri Aug 21 18:28:14 CST 2015   [info] Default ResourceManager initialization complete.
Fri Aug 21 18:28:14 CST 2015   [info] Loaded System Directive: org.apache.velocity.runtime.directive.Literal
Fri Aug 21 18:28:14 CST 2015   [info] Loaded System Directive: org.apache.velocity.runtime.directive.Macro
Fri Aug 21 18:28:14 CST 2015   [info] Loaded System Directive: org.apache.velocity.runtime.directive.Parse
Fri Aug 21 18:28:14 CST 2015   [info] Loaded System Directive: org.apache.velocity.runtime.directive.Include
Fri Aug 21 18:28:14 CST 2015   [info] Loaded System Directive: org.apache.velocity.runtime.directive.Foreach
Fri Aug 21 18:28:14 CST 2015   [info] Created: 20 parsers.
Fri Aug 21 18:28:14 CST 2015   [info] Velocimacro : initialization starting.
Fri Aug 21 18:28:14 CST 2015   [info] Velocimacro : adding VMs from VM library template : VM_global_library.vm
Fri Aug 21 18:28:14 CST 2015  [error] ResourceManager : unable to find resource 'VM_global_library.vm' in any resource loader.
Fri Aug 21 18:28:14 CST 2015   [info] Velocimacro : error using  VM library template VM_global_library.vm : org.apache.velocity.exception.ResourceNotFoundException: Unable to find resource 'VM_global_library.vm'
Fri Aug 21 18:28:14 CST 2015   [info] Velocimacro :  VM library template macro registration complete.
Fri Aug 21 18:28:14 CST 2015   [info] Velocimacro : allowInline = true : VMs can be defined inline in templates
Fri Aug 21 18:28:14 CST 2015   [info] Velocimacro : allowInlineToOverride = true : VMs defined inline may replace previous VM definitions
Fri Aug 21 18:28:14 CST 2015   [info] Velocimacro : allowInlineLocal = true : VMs defined inline will be local to their defining template only.
Fri Aug 21 18:28:14 CST 2015   [info] Velocimacro : messages on  : VM system will output logging messages
Fri Aug 21 18:28:14 CST 2015   [info] Velocimacro : autoload off  : VM system will not automatically reload global library macros
Fri Aug 21 18:28:14 CST 2015   [info] Velocimacro : initialization complete.
Fri Aug 21 18:28:14 CST 2015   [info] Velocity successfully started.
Fri Aug 21 18:28:14 CST 2015   [info] ResourceManager : found templates/web.xml.vm with loader com.genuitec.eclipse.templates.internal.PluginResourceLoader
Fri Aug 21 18:28:21 CST 2015   [info] ResourceManager : found /templates/velocity/welcome/Jsp.vtl with loader com.genuitec.eclipse.templates.internal.PluginResourceLoader
